<?xml version="1.0" encoding="UTF-8"?>
<!-- Generated by org.testng.reporters.JUnitXMLReporter -->
<testsuite ignored="6" hostname="VG" failures="0" tests="4" name="Test" time="390.91" errors="0" timestamp="2024-02-07T11:31:07 IST">
  <testcase classname="com.entrata.testCases.TC_001_ContactUs" name="contactDetails" time="93.151"/>
  <testcase classname="com.entrata.testCases.TC_002_Resourses" name="ReadResources" time="6.334"/>
  <testcase classname="com.entrata.testCases.TC_003_Accounting" name="Accounting" time="37.747"/>
  <testcase classname="com.entrata.testCases.TC_004_VerifyTitleOfPage" name="verifyTitle" time="6.138"/>
  <testcase classname="com.entrata.testCases.BaseClass" name="@AfterSuite Aftersuite" time="0.0">
    <ignored/>
  </testcase> <!-- @AfterSuite Aftersuite -->
  <testcase classname="com.entrata.testCases.BaseClass" name="@BeforeSuite Beforesuite" time="0.0">
    <ignored/>
  </testcase> <!-- @BeforeSuite Beforesuite -->
  <testcase classname="com.entrata.testCases.BaseClass" name="@AfterSuite Aftersuite" time="0.0">
    <ignored/>
  </testcase> <!-- @AfterSuite Aftersuite -->
  <testcase classname="com.entrata.testCases.BaseClass" name="@BeforeSuite Beforesuite" time="0.0">
    <ignored/>
  </testcase> <!-- @BeforeSuite Beforesuite -->
  <testcase classname="com.entrata.testCases.BaseClass" name="@AfterSuite Aftersuite" time="0.0">
    <ignored/>
  </testcase> <!-- @AfterSuite Aftersuite -->
  <testcase classname="com.entrata.testCases.BaseClass" name="@BeforeSuite Beforesuite" time="0.0">
    <ignored/>
  </testcase> <!-- @BeforeSuite Beforesuite -->
</testsuite> <!-- Test -->
