<?xml version="1.0" encoding="UTF-8"?>
<testng-results ignored="6" total="10" passed="4" failed="0" skipped="0">
  <reporter-output>
  </reporter-output>
  <suite started-at="2024-02-06T23:03:23 IST" name="Suite" finished-at="2024-02-06T23:05:30 IST" duration-ms="126326">
    <groups>
    </groups>
    <test started-at="2024-02-06T23:03:23 IST" name="Test" finished-at="2024-02-06T23:05:30 IST" duration-ms="126326">
      <class name="com.entrata.testCases.TC_003_Accounting">
        <test-method is-config="true" signature="setup(java.lang.String)[pri:0, instance:com.entrata.testCases.TC_003_Accounting@2145b572]" started-at="2024-02-06T23:04:24 IST" name="setup" finished-at="2024-02-06T23:04:36 IST" duration-ms="11648" status="PASS">
          <params>
            <param index="0">
              <value>
                <![CDATA[chrome]]>
              </value>
            </param>
          </params>
          <reporter-output>
          </reporter-output>
        </test-method> <!-- setup -->
        <test-method signature="Accounting()[pri:0, instance:com.entrata.testCases.TC_003_Accounting@2145b572]" started-at="2024-02-06T23:04:36 IST" name="Accounting" finished-at="2024-02-06T23:05:10 IST" duration-ms="34151" status="PASS">
          <reporter-output>
          </reporter-output>
        </test-method> <!-- Accounting -->
        <test-method is-config="true" signature="tearDown()[pri:0, instance:com.entrata.testCases.TC_003_Accounting@2145b572]" started-at="2024-02-06T23:05:10 IST" name="tearDown" finished-at="2024-02-06T23:05:10 IST" duration-ms="275" status="PASS">
          <reporter-output>
          </reporter-output>
        </test-method> <!-- tearDown -->
      </class> <!-- com.entrata.testCases.TC_003_Accounting -->
      <class name="com.entrata.testCases.TC_002_Resourses">
        <test-method is-config="true" signature="setup(java.lang.String)[pri:0, instance:com.entrata.testCases.TC_002_Resourses@15eb5ee5]" started-at="2024-02-06T23:04:06 IST" name="setup" finished-at="2024-02-06T23:04:18 IST" duration-ms="11623" status="PASS">
          <params>
            <param index="0">
              <value>
                <![CDATA[chrome]]>
              </value>
            </param>
          </params>
          <reporter-output>
          </reporter-output>
        </test-method> <!-- setup -->
        <test-method signature="ReadResources()[pri:0, instance:com.entrata.testCases.TC_002_Resourses@15eb5ee5]" started-at="2024-02-06T23:04:18 IST" name="ReadResources" finished-at="2024-02-06T23:04:24 IST" duration-ms="6343" status="PASS">
          <reporter-output>
          </reporter-output>
        </test-method> <!-- ReadResources -->
        <test-method is-config="true" signature="tearDown()[pri:0, instance:com.entrata.testCases.TC_002_Resourses@15eb5ee5]" started-at="2024-02-06T23:04:24 IST" name="tearDown" finished-at="2024-02-06T23:04:24 IST" duration-ms="215" status="PASS">
          <reporter-output>
          </reporter-output>
        </test-method> <!-- tearDown -->
      </class> <!-- com.entrata.testCases.TC_002_Resourses -->
      <class name="com.entrata.testCases.TC_004_VerifyTitleOfPage">
        <test-method is-config="true" signature="setup(java.lang.String)[pri:0, instance:com.entrata.testCases.TC_004_VerifyTitleOfPage@39529185]" started-at="2024-02-06T23:05:10 IST" name="setup" finished-at="2024-02-06T23:05:23 IST" duration-ms="12936" status="PASS">
          <params>
            <param index="0">
              <value>
                <![CDATA[chrome]]>
              </value>
            </param>
          </params>
          <reporter-output>
          </reporter-output>
        </test-method> <!-- setup -->
        <test-method signature="verifyTitle()[pri:0, instance:com.entrata.testCases.TC_004_VerifyTitleOfPage@39529185]" started-at="2024-02-06T23:05:23 IST" name="verifyTitle" finished-at="2024-02-06T23:05:29 IST" duration-ms="6131" status="PASS">
          <reporter-output>
          </reporter-output>
        </test-method> <!-- verifyTitle -->
        <test-method is-config="true" signature="tearDown()[pri:0, instance:com.entrata.testCases.TC_004_VerifyTitleOfPage@39529185]" started-at="2024-02-06T23:05:29 IST" name="tearDown" finished-at="2024-02-06T23:05:30 IST" duration-ms="252" status="PASS">
          <reporter-output>
          </reporter-output>
        </test-method> <!-- tearDown -->
      </class> <!-- com.entrata.testCases.TC_004_VerifyTitleOfPage -->
      <class name="com.entrata.testCases.TC_001_ContactUs">
        <test-method is-config="true" signature="Beforesuite()[pri:0, instance:com.entrata.testCases.TC_001_ContactUs@1725dc0f]" started-at="2024-02-06T23:03:23 IST" name="Beforesuite" finished-at="2024-02-06T23:03:23 IST" duration-ms="107" status="PASS">
          <reporter-output>
          </reporter-output>
        </test-method> <!-- Beforesuite -->
        <test-method is-config="true" signature="setup(java.lang.String)[pri:0, instance:com.entrata.testCases.TC_001_ContactUs@1725dc0f]" started-at="2024-02-06T23:03:23 IST" name="setup" finished-at="2024-02-06T23:03:36 IST" duration-ms="12912" status="PASS">
          <params>
            <param index="0">
              <value>
                <![CDATA[chrome]]>
              </value>
            </param>
          </params>
          <reporter-output>
          </reporter-output>
        </test-method> <!-- setup -->
        <test-method signature="contactDetails()[pri:0, instance:com.entrata.testCases.TC_001_ContactUs@1725dc0f]" started-at="2024-02-06T23:03:36 IST" name="contactDetails" finished-at="2024-02-06T23:04:06 IST" duration-ms="29515" status="PASS">
          <reporter-output>
          </reporter-output>
        </test-method> <!-- contactDetails -->
        <test-method is-config="true" signature="tearDown()[pri:0, instance:com.entrata.testCases.TC_001_ContactUs@1725dc0f]" started-at="2024-02-06T23:04:06 IST" name="tearDown" finished-at="2024-02-06T23:04:06 IST" duration-ms="295" status="PASS">
          <reporter-output>
          </reporter-output>
        </test-method> <!-- tearDown -->
        <test-method is-config="true" signature="Aftersuite()[pri:0, instance:com.entrata.testCases.TC_001_ContactUs@1725dc0f]" started-at="2024-02-06T23:05:30 IST" name="Aftersuite" finished-at="2024-02-06T23:05:30 IST" duration-ms="205" status="PASS">
          <reporter-output>
          </reporter-output>
        </test-method> <!-- Aftersuite -->
      </class> <!-- com.entrata.testCases.TC_001_ContactUs -->
    </test> <!-- Test -->
  </suite> <!-- Suite -->
</testng-results>
