<?xml version="1.0" encoding="UTF-8"?>
<testng-results ignored="0" total="1" passed="1" failed="0" skipped="0">
  <reporter-output>
  </reporter-output>
  <suite started-at="2024-02-28T08:36:57 IST" name="Default suite" finished-at="2024-02-28T08:37:30 IST" duration-ms="32788">
    <groups>
    </groups>
    <test started-at="2024-02-28T08:36:57 IST" name="Default test" finished-at="2024-02-28T08:37:30 IST" duration-ms="32788">
      <class name="com.entrata.testCases.TC_002_Resourses">
        <test-method is-config="true" signature="Beforesuite()[pri:0, instance:com.entrata.testCases.TC_002_Resourses@76b1e9b8]" started-at="2024-02-28T08:36:57 IST" name="Beforesuite" finished-at="2024-02-28T08:36:57 IST" duration-ms="242" status="PASS">
          <reporter-output>
          </reporter-output>
        </test-method> <!-- Beforesuite -->
        <test-method is-config="true" signature="setup(java.lang.String)[pri:0, instance:com.entrata.testCases.TC_002_Resourses@76b1e9b8]" started-at="2024-02-28T08:36:57 IST" name="setup" finished-at="2024-02-28T08:37:29 IST" duration-ms="31713" status="PASS">
          <params>
            <param index="0">
              <value>
                <![CDATA[chrome]]>
              </value>
            </param>
          </params>
          <reporter-output>
          </reporter-output>
        </test-method> <!-- setup -->
        <test-method signature="ReadResources()[pri:0, instance:com.entrata.testCases.TC_002_Resourses@76b1e9b8]" started-at="2024-02-28T08:37:29 IST" name="ReadResources" finished-at="2024-02-28T08:37:30 IST" duration-ms="613" status="PASS">
          <reporter-output>
          </reporter-output>
        </test-method> <!-- ReadResources -->
        <test-method is-config="true" signature="tearDown()[pri:0, instance:com.entrata.testCases.TC_002_Resourses@76b1e9b8]" started-at="2024-02-28T08:37:30 IST" name="tearDown" finished-at="2024-02-28T08:37:30 IST" duration-ms="413" status="PASS">
          <reporter-output>
          </reporter-output>
        </test-method> <!-- tearDown -->
        <test-method is-config="true" signature="Aftersuite()[pri:0, instance:com.entrata.testCases.TC_002_Resourses@76b1e9b8]" started-at="2024-02-28T08:37:30 IST" name="Aftersuite" finished-at="2024-02-28T08:37:30 IST" duration-ms="0" status="PASS">
          <reporter-output>
          </reporter-output>
        </test-method> <!-- Aftersuite -->
      </class> <!-- com.entrata.testCases.TC_002_Resourses -->
    </test> <!-- Default test -->
  </suite> <!-- Default suite -->
</testng-results>
