<?xml version="1.0" encoding="UTF-8"?>
<testng-results ignored="8" total="12" passed="4" failed="0" skipped="0">
  <reporter-output>
  </reporter-output>
  <suite started-at="2024-02-06T22:28:39 IST" name="Suite" finished-at="2024-02-06T22:30:50 IST" duration-ms="130761">
    <groups>
    </groups>
    <test started-at="2024-02-06T22:28:39 IST" name="Test" finished-at="2024-02-06T22:30:50 IST" duration-ms="130761">
      <class name="com.entrata.testCases.TC_002_Resourses">
        <test-method is-config="true" signature="setup(java.lang.String)[pri:0, instance:com.entrata.testCases.TC_002_Resourses@15043a2f]" started-at="2024-02-06T22:29:50 IST" name="setup" finished-at="2024-02-06T22:30:05 IST" duration-ms="15430" status="PASS">
          <params>
            <param index="0">
              <value>
                <![CDATA[chrome]]>
              </value>
            </param>
          </params>
          <reporter-output>
          </reporter-output>
        </test-method> <!-- setup -->
        <test-method signature="ReadResources()[pri:0, instance:com.entrata.testCases.TC_002_Resourses@15043a2f]" started-at="2024-02-06T22:30:05 IST" name="ReadResources" finished-at="2024-02-06T22:30:12 IST" duration-ms="6339" status="PASS">
          <reporter-output>
          </reporter-output>
        </test-method> <!-- ReadResources -->
        <test-method is-config="true" signature="tearDown()[pri:0, instance:com.entrata.testCases.TC_002_Resourses@15043a2f]" started-at="2024-02-06T22:30:12 IST" name="tearDown" finished-at="2024-02-06T22:30:12 IST" duration-ms="274" status="PASS">
          <reporter-output>
          </reporter-output>
        </test-method> <!-- tearDown -->
      </class> <!-- com.entrata.testCases.TC_002_Resourses -->
      <class name="com.entrata.testCases.TC_003_Accounting">
        <test-method is-config="true" signature="Beforesuite()[pri:0, instance:com.entrata.testCases.TC_003_Accounting@712625fd]" started-at="2024-02-06T22:28:39 IST" name="Beforesuite" finished-at="2024-02-06T22:28:39 IST" duration-ms="169" status="PASS">
          <reporter-output>
          </reporter-output>
        </test-method> <!-- Beforesuite -->
        <test-method is-config="true" signature="setup(java.lang.String)[pri:0, instance:com.entrata.testCases.TC_003_Accounting@712625fd]" started-at="2024-02-06T22:28:39 IST" name="setup" finished-at="2024-02-06T22:28:54 IST" duration-ms="15257" status="PASS">
          <params>
            <param index="0">
              <value>
                <![CDATA[chrome]]>
              </value>
            </param>
          </params>
          <reporter-output>
          </reporter-output>
        </test-method> <!-- setup -->
        <test-method signature="Accounting()[pri:0, instance:com.entrata.testCases.TC_003_Accounting@712625fd]" started-at="2024-02-06T22:28:54 IST" name="Accounting" finished-at="2024-02-06T22:29:28 IST" duration-ms="33526" status="PASS">
          <reporter-output>
          </reporter-output>
        </test-method> <!-- Accounting -->
        <test-method is-config="true" signature="tearDown()[pri:0, instance:com.entrata.testCases.TC_003_Accounting@712625fd]" started-at="2024-02-06T22:29:28 IST" name="tearDown" finished-at="2024-02-06T22:29:28 IST" duration-ms="401" status="PASS">
          <reporter-output>
          </reporter-output>
        </test-method> <!-- tearDown -->
        <test-method is-config="true" signature="Aftersuite()[pri:0, instance:com.entrata.testCases.TC_003_Accounting@712625fd]" started-at="2024-02-06T22:30:50 IST" name="Aftersuite" finished-at="2024-02-06T22:30:50 IST" duration-ms="345" status="PASS">
          <reporter-output>
          </reporter-output>
        </test-method> <!-- Aftersuite -->
      </class> <!-- com.entrata.testCases.TC_003_Accounting -->
      <class name="com.entrata.testCases.TC_004_VerifyTitleOfPage">
        <test-method is-config="true" signature="setup(java.lang.String)[pri:0, instance:com.entrata.testCases.TC_004_VerifyTitleOfPage@4c60d6e9]" started-at="2024-02-06T22:29:28 IST" name="setup" finished-at="2024-02-06T22:29:44 IST" duration-ms="15210" status="PASS">
          <params>
            <param index="0">
              <value>
                <![CDATA[chrome]]>
              </value>
            </param>
          </params>
          <reporter-output>
          </reporter-output>
        </test-method> <!-- setup -->
        <test-method signature="verifyTitle()[pri:0, instance:com.entrata.testCases.TC_004_VerifyTitleOfPage@4c60d6e9]" started-at="2024-02-06T22:29:44 IST" name="verifyTitle" finished-at="2024-02-06T22:29:50 IST" duration-ms="6122" status="PASS">
          <reporter-output>
          </reporter-output>
        </test-method> <!-- verifyTitle -->
        <test-method is-config="true" signature="tearDown()[pri:0, instance:com.entrata.testCases.TC_004_VerifyTitleOfPage@4c60d6e9]" started-at="2024-02-06T22:29:50 IST" name="tearDown" finished-at="2024-02-06T22:29:50 IST" duration-ms="251" status="PASS">
          <reporter-output>
          </reporter-output>
        </test-method> <!-- tearDown -->
      </class> <!-- com.entrata.testCases.TC_004_VerifyTitleOfPage -->
      <class name="com.entrata.testCases.TC_001_ContactUs">
        <test-method is-config="true" signature="setup(java.lang.String)[pri:0, instance:com.entrata.testCases.TC_001_ContactUs@1349883]" started-at="2024-02-06T22:30:12 IST" name="setup" finished-at="2024-02-06T22:30:24 IST" duration-ms="11586" status="PASS">
          <params>
            <param index="0">
              <value>
                <![CDATA[chrome]]>
              </value>
            </param>
          </params>
          <reporter-output>
          </reporter-output>
        </test-method> <!-- setup -->
        <test-method signature="contactDetails()[pri:0, instance:com.entrata.testCases.TC_001_ContactUs@1349883]" started-at="2024-02-06T22:30:24 IST" name="contactDetails" finished-at="2024-02-06T22:30:49 IST" duration-ms="25894" status="PASS">
          <reporter-output>
          </reporter-output>
        </test-method> <!-- contactDetails -->
        <test-method is-config="true" signature="tearDown()[pri:0, instance:com.entrata.testCases.TC_001_ContactUs@1349883]" started-at="2024-02-06T22:30:49 IST" name="tearDown" finished-at="2024-02-06T22:30:50 IST" duration-ms="433" status="PASS">
          <reporter-output>
          </reporter-output>
        </test-method> <!-- tearDown -->
      </class> <!-- com.entrata.testCases.TC_001_ContactUs -->
    </test> <!-- Test -->
  </suite> <!-- Suite -->
</testng-results>
